<!DOCTYPE suite SYSTEM "https://testng.org/testng-1.0.dtd" >
<suite name="all-tests" verbose="1">

  <test name="Nopackage" >
    <classes>
       <class name="NoPackageTest" />
    </classes>
  </test>
</suite>
